<?xml version="1.0" encoding="UTF-8"?>
<!-- Generated by org.testng.reporters.JUnitReportReporter -->
<testsuite hostname="Fegi-MBP" failures="0" tests="1" name="qaautomation.tugasqajlabs2022.AppTestPageFactory" time="10.189" errors="0" timestamp="17 Feb 2022 08:38:26 GMT" skipped="0">
  <testcase classname="qaautomation.tugasqajlabs2022.AppTestPageFactory" name="tugas" time="10.189"/>
</testsuite> <!-- qaautomation.tugasqajlabs2022.AppTestPageFactory -->
