<?xml version="1.0" encoding="UTF-8"?>
<!-- Generated by org.testng.reporters.JUnitReportReporter -->
<testsuite hostname="Fegi-MBP" failures="0" tests="1" name="qaautomation.tugasqajlabs2022.SwitchPageTest" time="15.791" errors="0" timestamp="23 Feb 2022 08:56:16 GMT" skipped="0">
  <testcase classname="qaautomation.tugasqajlabs2022.SwitchPageTest" name="tugasSwitching" time="15.791"/>
</testsuite> <!-- qaautomation.tugasqajlabs2022.SwitchPageTest -->
