<?xml version="1.0" encoding="UTF-8"?>
<!-- Generated by org.testng.reporters.JUnitReportReporter -->
<testsuite hostname="Fegi-MBP" failures="0" tests="2" name="qaautomation.tugasqajlabs2022.APITest" time="3.525" errors="0" timestamp="27 Feb 2022 10:05:53 GMT" skipped="0">
  <testcase classname="qaautomation.tugasqajlabs2022.APITest" name="fakerTest" time="0.186"/>
  <testcase classname="qaautomation.tugasqajlabs2022.APITest" name="registerAPI" time="3.339"/>
</testsuite> <!-- qaautomation.tugasqajlabs2022.APITest -->
